<?xml version="1.0" encoding="UTF-8"?>
<!-- Generated by org.testng.reporters.JUnitReportReporter -->
<testsuite hostname="Mohaimanul" failures="0" tests="1" name="com.testngpractice.TestNGAnnotations" time="0.010" errors="0" timestamp="30 Jan 2022 17:25:10 GMT" skipped="0">
  <testcase classname="com.testngpractice.TestNGAnnotations" name="test1" time="0.010"/>
</testsuite> <!-- com.testngpractice.TestNGAnnotations -->
